<?xml version="1.0" encoding="UTF-8"?>
<testng-results ignored="0" total="5" passed="0" failed="5" skipped="0">
  <reporter-output>
  </reporter-output>
  <suite started-at="2023-07-20T04:33:28 IST" name="Default suite" finished-at="2023-07-20T04:33:40 IST" duration-ms="12041">
    <groups>
    </groups>
    <test started-at="2023-07-20T04:33:28 IST" name="Default test" finished-at="2023-07-20T04:33:40 IST" duration-ms="12041">
      <class name="test_scenarios.TestLoginDetails">
        <test-method is-config="true" signature="setup()[pri:0, instance:test_scenarios.TestLoginDetails@29215f06]" started-at="2023-07-20T04:33:28 IST" name="setup" finished-at="2023-07-20T04:33:38 IST" duration-ms="10137" status="PASS">
          <reporter-output>
          </reporter-output>
        </test-method> <!-- setup -->
        <test-method is-config="true" signature="tearDown()[pri:0, instance:test_scenarios.TestLoginDetails@29215f06]" started-at="2023-07-20T04:33:38 IST" name="tearDown" finished-at="2023-07-20T04:33:40 IST" duration-ms="1341" status="PASS">
          <reporter-output>
          </reporter-output>
        </test-method> <!-- tearDown -->
        <test-method signature="createPolicy(pojo.CustomerPolicy)[pri:0, instance:test_scenarios.TestLoginDetails@29215f06]" started-at="2023-07-20T04:33:40 IST" name="createPolicy" data-provider="customerDataProvider" finished-at="2023-07-20T04:33:40 IST" duration-ms="12" status="FAIL">
          <params>
            <param index="0">
              <value>
                <![CDATA[pojo.CustomerPolicy@33f2df51]]>
              </value>
            </param>
          </params>
          <exception class="java.lang.Error">
            <message>
              <![CDATA[Unresolved compilation problems: 
The method getUsername() is undefined for the type Login
The method getPassword() is undefined for the type Login
The method getCustomer_first_name() is undefined for the type CustomerPolicy
The method getCustomer_last_name() is undefined for the type CustomerPolicy
The method getCustomer_email() is undefined for the type CustomerPolicy
The method getCustomer_street() is undefined for the type CustomerPolicy
The method getCustomer_street_number() is undefined for the type CustomerPolicy
The method getCustomer_zip() is undefined for the type CustomerPolicy
The method getCustomer_city() is undefined for the type CustomerPolicy
The method getCustomer_country() is undefined for the type CustomerPolicy
]]>
            </message>
            <full-stacktrace>
              <![CDATA[java.lang.Error: Unresolved compilation problems: 
The method getUsername() is undefined for the type Login
The method getPassword() is undefined for the type Login
The method getCustomer_first_name() is undefined for the type CustomerPolicy
The method getCustomer_last_name() is undefined for the type CustomerPolicy
The method getCustomer_email() is undefined for the type CustomerPolicy
The method getCustomer_street() is undefined for the type CustomerPolicy
The method getCustomer_street_number() is undefined for the type CustomerPolicy
The method getCustomer_zip() is undefined for the type CustomerPolicy
The method getCustomer_city() is undefined for the type CustomerPolicy
The method getCustomer_country() is undefined for the type CustomerPolicy

at test_scenarios.TestLoginDetails.createPolicy(TestLoginDetails.java:51)
at java.base/jdk.internal.reflect.NativeMethodAccessorImpl.invoke0(Native Method)
at java.base/jdk.internal.reflect.NativeMethodAccessorImpl.invoke(NativeMethodAccessorImpl.java:64)
at java.base/jdk.internal.reflect.DelegatingMethodAccessorImpl.invoke(DelegatingMethodAccessorImpl.java:43)
at java.base/java.lang.reflect.Method.invoke(Method.java:564)
at org.testng.internal.MethodInvocationHelper.invokeMethod(MethodInvocationHelper.java:133)
at org.testng.internal.TestInvoker.invokeMethod(TestInvoker.java:598)
at org.testng.internal.TestInvoker.invokeTestMethod(TestInvoker.java:173)
at org.testng.internal.MethodRunner.runInSequence(MethodRunner.java:46)
at org.testng.internal.TestInvoker$MethodInvocationAgent.invoke(TestInvoker.java:824)
at org.testng.internal.TestInvoker.invokeTestMethods(TestInvoker.java:146)
at org.testng.internal.TestMethodWorker.invokeTestMethods(TestMethodWorker.java:146)
at org.testng.internal.TestMethodWorker.run(TestMethodWorker.java:128)
at java.base/java.util.ArrayList.forEach(ArrayList.java:1511)
at org.testng.TestRunner.privateRun(TestRunner.java:794)
at org.testng.TestRunner.run(TestRunner.java:596)
at org.testng.SuiteRunner.runTest(SuiteRunner.java:377)
at org.testng.SuiteRunner.runSequentially(SuiteRunner.java:371)
at org.testng.SuiteRunner.privateRun(SuiteRunner.java:332)
at org.testng.SuiteRunner.run(SuiteRunner.java:276)
at org.testng.SuiteRunnerWorker.runSuite(SuiteRunnerWorker.java:53)
at org.testng.SuiteRunnerWorker.run(SuiteRunnerWorker.java:96)
at org.testng.TestNG.runSuitesSequentially(TestNG.java:1212)
at org.testng.TestNG.runSuitesLocally(TestNG.java:1134)
at org.testng.TestNG.runSuites(TestNG.java:1063)
at org.testng.TestNG.run(TestNG.java:1031)
at org.testng.remote.AbstractRemoteTestNG.run(AbstractRemoteTestNG.java:115)
at org.testng.remote.RemoteTestNG.initAndRun(RemoteTestNG.java:251)
at org.testng.remote.RemoteTestNG.main(RemoteTestNG.java:77)
]]>
            </full-stacktrace>
          </exception> <!-- java.lang.Error -->
          <reporter-output>
          </reporter-output>
        </test-method> <!-- createPolicy -->
        <test-method signature="createPolicy(pojo.CustomerPolicy)[pri:0, instance:test_scenarios.TestLoginDetails@29215f06]" started-at="2023-07-20T04:33:40 IST" name="createPolicy" data-provider="customerDataProvider" finished-at="2023-07-20T04:33:40 IST" duration-ms="3" status="FAIL">
          <params>
            <param index="0">
              <value>
                <![CDATA[pojo.CustomerPolicy@6f044c58]]>
              </value>
            </param>
          </params>
          <exception class="java.lang.Error">
            <message>
              <![CDATA[Unresolved compilation problems: 
The method getUsername() is undefined for the type Login
The method getPassword() is undefined for the type Login
The method getCustomer_first_name() is undefined for the type CustomerPolicy
The method getCustomer_last_name() is undefined for the type CustomerPolicy
The method getCustomer_email() is undefined for the type CustomerPolicy
The method getCustomer_street() is undefined for the type CustomerPolicy
The method getCustomer_street_number() is undefined for the type CustomerPolicy
The method getCustomer_zip() is undefined for the type CustomerPolicy
The method getCustomer_city() is undefined for the type CustomerPolicy
The method getCustomer_country() is undefined for the type CustomerPolicy
]]>
            </message>
            <full-stacktrace>
              <![CDATA[java.lang.Error: Unresolved compilation problems: 
The method getUsername() is undefined for the type Login
The method getPassword() is undefined for the type Login
The method getCustomer_first_name() is undefined for the type CustomerPolicy
The method getCustomer_last_name() is undefined for the type CustomerPolicy
The method getCustomer_email() is undefined for the type CustomerPolicy
The method getCustomer_street() is undefined for the type CustomerPolicy
The method getCustomer_street_number() is undefined for the type CustomerPolicy
The method getCustomer_zip() is undefined for the type CustomerPolicy
The method getCustomer_city() is undefined for the type CustomerPolicy
The method getCustomer_country() is undefined for the type CustomerPolicy

at test_scenarios.TestLoginDetails.createPolicy(TestLoginDetails.java:51)
at java.base/jdk.internal.reflect.NativeMethodAccessorImpl.invoke0(Native Method)
at java.base/jdk.internal.reflect.NativeMethodAccessorImpl.invoke(NativeMethodAccessorImpl.java:64)
at java.base/jdk.internal.reflect.DelegatingMethodAccessorImpl.invoke(DelegatingMethodAccessorImpl.java:43)
at java.base/java.lang.reflect.Method.invoke(Method.java:564)
at org.testng.internal.MethodInvocationHelper.invokeMethod(MethodInvocationHelper.java:133)
at org.testng.internal.TestInvoker.invokeMethod(TestInvoker.java:598)
at org.testng.internal.TestInvoker.invokeTestMethod(TestInvoker.java:173)
at org.testng.internal.MethodRunner.runInSequence(MethodRunner.java:46)
at org.testng.internal.TestInvoker$MethodInvocationAgent.invoke(TestInvoker.java:824)
at org.testng.internal.TestInvoker.invokeTestMethods(TestInvoker.java:146)
at org.testng.internal.TestMethodWorker.invokeTestMethods(TestMethodWorker.java:146)
at org.testng.internal.TestMethodWorker.run(TestMethodWorker.java:128)
at java.base/java.util.ArrayList.forEach(ArrayList.java:1511)
at org.testng.TestRunner.privateRun(TestRunner.java:794)
at org.testng.TestRunner.run(TestRunner.java:596)
at org.testng.SuiteRunner.runTest(SuiteRunner.java:377)
at org.testng.SuiteRunner.runSequentially(SuiteRunner.java:371)
at org.testng.SuiteRunner.privateRun(SuiteRunner.java:332)
at org.testng.SuiteRunner.run(SuiteRunner.java:276)
at org.testng.SuiteRunnerWorker.runSuite(SuiteRunnerWorker.java:53)
at org.testng.SuiteRunnerWorker.run(SuiteRunnerWorker.java:96)
at org.testng.TestNG.runSuitesSequentially(TestNG.java:1212)
at org.testng.TestNG.runSuitesLocally(TestNG.java:1134)
at org.testng.TestNG.runSuites(TestNG.java:1063)
at org.testng.TestNG.run(TestNG.java:1031)
at org.testng.remote.AbstractRemoteTestNG.run(AbstractRemoteTestNG.java:115)
at org.testng.remote.RemoteTestNG.initAndRun(RemoteTestNG.java:251)
at org.testng.remote.RemoteTestNG.main(RemoteTestNG.java:77)
]]>
            </full-stacktrace>
          </exception> <!-- java.lang.Error -->
          <reporter-output>
          </reporter-output>
        </test-method> <!-- createPolicy -->
        <test-method signature="createPolicy(pojo.CustomerPolicy)[pri:0, instance:test_scenarios.TestLoginDetails@29215f06]" started-at="2023-07-20T04:33:40 IST" name="createPolicy" data-provider="customerDataProvider" finished-at="2023-07-20T04:33:40 IST" duration-ms="2" status="FAIL">
          <params>
            <param index="0">
              <value>
                <![CDATA[pojo.CustomerPolicy@559cedee]]>
              </value>
            </param>
          </params>
          <exception class="java.lang.Error">
            <message>
              <![CDATA[Unresolved compilation problems: 
The method getUsername() is undefined for the type Login
The method getPassword() is undefined for the type Login
The method getCustomer_first_name() is undefined for the type CustomerPolicy
The method getCustomer_last_name() is undefined for the type CustomerPolicy
The method getCustomer_email() is undefined for the type CustomerPolicy
The method getCustomer_street() is undefined for the type CustomerPolicy
The method getCustomer_street_number() is undefined for the type CustomerPolicy
The method getCustomer_zip() is undefined for the type CustomerPolicy
The method getCustomer_city() is undefined for the type CustomerPolicy
The method getCustomer_country() is undefined for the type CustomerPolicy
]]>
            </message>
            <full-stacktrace>
              <![CDATA[java.lang.Error: Unresolved compilation problems: 
The method getUsername() is undefined for the type Login
The method getPassword() is undefined for the type Login
The method getCustomer_first_name() is undefined for the type CustomerPolicy
The method getCustomer_last_name() is undefined for the type CustomerPolicy
The method getCustomer_email() is undefined for the type CustomerPolicy
The method getCustomer_street() is undefined for the type CustomerPolicy
The method getCustomer_street_number() is undefined for the type CustomerPolicy
The method getCustomer_zip() is undefined for the type CustomerPolicy
The method getCustomer_city() is undefined for the type CustomerPolicy
The method getCustomer_country() is undefined for the type CustomerPolicy

at test_scenarios.TestLoginDetails.createPolicy(TestLoginDetails.java:51)
at java.base/jdk.internal.reflect.NativeMethodAccessorImpl.invoke0(Native Method)
at java.base/jdk.internal.reflect.NativeMethodAccessorImpl.invoke(NativeMethodAccessorImpl.java:64)
at java.base/jdk.internal.reflect.DelegatingMethodAccessorImpl.invoke(DelegatingMethodAccessorImpl.java:43)
at java.base/java.lang.reflect.Method.invoke(Method.java:564)
at org.testng.internal.MethodInvocationHelper.invokeMethod(MethodInvocationHelper.java:133)
at org.testng.internal.TestInvoker.invokeMethod(TestInvoker.java:598)
at org.testng.internal.TestInvoker.invokeTestMethod(TestInvoker.java:173)
at org.testng.internal.MethodRunner.runInSequence(MethodRunner.java:46)
at org.testng.internal.TestInvoker$MethodInvocationAgent.invoke(TestInvoker.java:824)
at org.testng.internal.TestInvoker.invokeTestMethods(TestInvoker.java:146)
at org.testng.internal.TestMethodWorker.invokeTestMethods(TestMethodWorker.java:146)
at org.testng.internal.TestMethodWorker.run(TestMethodWorker.java:128)
at java.base/java.util.ArrayList.forEach(ArrayList.java:1511)
at org.testng.TestRunner.privateRun(TestRunner.java:794)
at org.testng.TestRunner.run(TestRunner.java:596)
at org.testng.SuiteRunner.runTest(SuiteRunner.java:377)
at org.testng.SuiteRunner.runSequentially(SuiteRunner.java:371)
at org.testng.SuiteRunner.privateRun(SuiteRunner.java:332)
at org.testng.SuiteRunner.run(SuiteRunner.java:276)
at org.testng.SuiteRunnerWorker.runSuite(SuiteRunnerWorker.java:53)
at org.testng.SuiteRunnerWorker.run(SuiteRunnerWorker.java:96)
at org.testng.TestNG.runSuitesSequentially(TestNG.java:1212)
at org.testng.TestNG.runSuitesLocally(TestNG.java:1134)
at org.testng.TestNG.runSuites(TestNG.java:1063)
at org.testng.TestNG.run(TestNG.java:1031)
at org.testng.remote.AbstractRemoteTestNG.run(AbstractRemoteTestNG.java:115)
at org.testng.remote.RemoteTestNG.initAndRun(RemoteTestNG.java:251)
at org.testng.remote.RemoteTestNG.main(RemoteTestNG.java:77)
]]>
            </full-stacktrace>
          </exception> <!-- java.lang.Error -->
          <reporter-output>
          </reporter-output>
        </test-method> <!-- createPolicy -->
        <test-method signature="createPolicy(pojo.CustomerPolicy)[pri:0, instance:test_scenarios.TestLoginDetails@29215f06]" started-at="2023-07-20T04:33:40 IST" name="createPolicy" data-provider="customerDataProvider" finished-at="2023-07-20T04:33:40 IST" duration-ms="2" status="FAIL">
          <params>
            <param index="0">
              <value>
                <![CDATA[pojo.CustomerPolicy@4832f03b]]>
              </value>
            </param>
          </params>
          <exception class="java.lang.Error">
            <message>
              <![CDATA[Unresolved compilation problems: 
The method getUsername() is undefined for the type Login
The method getPassword() is undefined for the type Login
The method getCustomer_first_name() is undefined for the type CustomerPolicy
The method getCustomer_last_name() is undefined for the type CustomerPolicy
The method getCustomer_email() is undefined for the type CustomerPolicy
The method getCustomer_street() is undefined for the type CustomerPolicy
The method getCustomer_street_number() is undefined for the type CustomerPolicy
The method getCustomer_zip() is undefined for the type CustomerPolicy
The method getCustomer_city() is undefined for the type CustomerPolicy
The method getCustomer_country() is undefined for the type CustomerPolicy
]]>
            </message>
            <full-stacktrace>
              <![CDATA[java.lang.Error: Unresolved compilation problems: 
The method getUsername() is undefined for the type Login
The method getPassword() is undefined for the type Login
The method getCustomer_first_name() is undefined for the type CustomerPolicy
The method getCustomer_last_name() is undefined for the type CustomerPolicy
The method getCustomer_email() is undefined for the type CustomerPolicy
The method getCustomer_street() is undefined for the type CustomerPolicy
The method getCustomer_street_number() is undefined for the type CustomerPolicy
The method getCustomer_zip() is undefined for the type CustomerPolicy
The method getCustomer_city() is undefined for the type CustomerPolicy
The method getCustomer_country() is undefined for the type CustomerPolicy

at test_scenarios.TestLoginDetails.createPolicy(TestLoginDetails.java:51)
at java.base/jdk.internal.reflect.NativeMethodAccessorImpl.invoke0(Native Method)
at java.base/jdk.internal.reflect.NativeMethodAccessorImpl.invoke(NativeMethodAccessorImpl.java:64)
at java.base/jdk.internal.reflect.DelegatingMethodAccessorImpl.invoke(DelegatingMethodAccessorImpl.java:43)
at java.base/java.lang.reflect.Method.invoke(Method.java:564)
at org.testng.internal.MethodInvocationHelper.invokeMethod(MethodInvocationHelper.java:133)
at org.testng.internal.TestInvoker.invokeMethod(TestInvoker.java:598)
at org.testng.internal.TestInvoker.invokeTestMethod(TestInvoker.java:173)
at org.testng.internal.MethodRunner.runInSequence(MethodRunner.java:46)
at org.testng.internal.TestInvoker$MethodInvocationAgent.invoke(TestInvoker.java:824)
at org.testng.internal.TestInvoker.invokeTestMethods(TestInvoker.java:146)
at org.testng.internal.TestMethodWorker.invokeTestMethods(TestMethodWorker.java:146)
at org.testng.internal.TestMethodWorker.run(TestMethodWorker.java:128)
at java.base/java.util.ArrayList.forEach(ArrayList.java:1511)
at org.testng.TestRunner.privateRun(TestRunner.java:794)
at org.testng.TestRunner.run(TestRunner.java:596)
at org.testng.SuiteRunner.runTest(SuiteRunner.java:377)
at org.testng.SuiteRunner.runSequentially(SuiteRunner.java:371)
at org.testng.SuiteRunner.privateRun(SuiteRunner.java:332)
at org.testng.SuiteRunner.run(SuiteRunner.java:276)
at org.testng.SuiteRunnerWorker.runSuite(SuiteRunnerWorker.java:53)
at org.testng.SuiteRunnerWorker.run(SuiteRunnerWorker.java:96)
at org.testng.TestNG.runSuitesSequentially(TestNG.java:1212)
at org.testng.TestNG.runSuitesLocally(TestNG.java:1134)
at org.testng.TestNG.runSuites(TestNG.java:1063)
at org.testng.TestNG.run(TestNG.java:1031)
at org.testng.remote.AbstractRemoteTestNG.run(AbstractRemoteTestNG.java:115)
at org.testng.remote.RemoteTestNG.initAndRun(RemoteTestNG.java:251)
at org.testng.remote.RemoteTestNG.main(RemoteTestNG.java:77)
]]>
            </full-stacktrace>
          </exception> <!-- java.lang.Error -->
          <reporter-output>
          </reporter-output>
        </test-method> <!-- createPolicy -->
        <test-method signature="createPolicy(pojo.CustomerPolicy)[pri:0, instance:test_scenarios.TestLoginDetails@29215f06]" started-at="2023-07-20T04:33:40 IST" name="createPolicy" data-provider="customerDataProvider" finished-at="2023-07-20T04:33:40 IST" duration-ms="6" status="FAIL">
          <params>
            <param index="0">
              <value>
                <![CDATA[pojo.CustomerPolicy@68565bc7]]>
              </value>
            </param>
          </params>
          <exception class="java.lang.Error">
            <message>
              <![CDATA[Unresolved compilation problems: 
The method getUsername() is undefined for the type Login
The method getPassword() is undefined for the type Login
The method getCustomer_first_name() is undefined for the type CustomerPolicy
The method getCustomer_last_name() is undefined for the type CustomerPolicy
The method getCustomer_email() is undefined for the type CustomerPolicy
The method getCustomer_street() is undefined for the type CustomerPolicy
The method getCustomer_street_number() is undefined for the type CustomerPolicy
The method getCustomer_zip() is undefined for the type CustomerPolicy
The method getCustomer_city() is undefined for the type CustomerPolicy
The method getCustomer_country() is undefined for the type CustomerPolicy
]]>
            </message>
            <full-stacktrace>
              <![CDATA[java.lang.Error: Unresolved compilation problems: 
The method getUsername() is undefined for the type Login
The method getPassword() is undefined for the type Login
The method getCustomer_first_name() is undefined for the type CustomerPolicy
The method getCustomer_last_name() is undefined for the type CustomerPolicy
The method getCustomer_email() is undefined for the type CustomerPolicy
The method getCustomer_street() is undefined for the type CustomerPolicy
The method getCustomer_street_number() is undefined for the type CustomerPolicy
The method getCustomer_zip() is undefined for the type CustomerPolicy
The method getCustomer_city() is undefined for the type CustomerPolicy
The method getCustomer_country() is undefined for the type CustomerPolicy

at test_scenarios.TestLoginDetails.createPolicy(TestLoginDetails.java:51)
at java.base/jdk.internal.reflect.NativeMethodAccessorImpl.invoke0(Native Method)
at java.base/jdk.internal.reflect.NativeMethodAccessorImpl.invoke(NativeMethodAccessorImpl.java:64)
at java.base/jdk.internal.reflect.DelegatingMethodAccessorImpl.invoke(DelegatingMethodAccessorImpl.java:43)
at java.base/java.lang.reflect.Method.invoke(Method.java:564)
at org.testng.internal.MethodInvocationHelper.invokeMethod(MethodInvocationHelper.java:133)
at org.testng.internal.TestInvoker.invokeMethod(TestInvoker.java:598)
at org.testng.internal.TestInvoker.invokeTestMethod(TestInvoker.java:173)
at org.testng.internal.MethodRunner.runInSequence(MethodRunner.java:46)
at org.testng.internal.TestInvoker$MethodInvocationAgent.invoke(TestInvoker.java:824)
at org.testng.internal.TestInvoker.invokeTestMethods(TestInvoker.java:146)
at org.testng.internal.TestMethodWorker.invokeTestMethods(TestMethodWorker.java:146)
at org.testng.internal.TestMethodWorker.run(TestMethodWorker.java:128)
at java.base/java.util.ArrayList.forEach(ArrayList.java:1511)
at org.testng.TestRunner.privateRun(TestRunner.java:794)
at org.testng.TestRunner.run(TestRunner.java:596)
at org.testng.SuiteRunner.runTest(SuiteRunner.java:377)
at org.testng.SuiteRunner.runSequentially(SuiteRunner.java:371)
at org.testng.SuiteRunner.privateRun(SuiteRunner.java:332)
at org.testng.SuiteRunner.run(SuiteRunner.java:276)
at org.testng.SuiteRunnerWorker.runSuite(SuiteRunnerWorker.java:53)
at org.testng.SuiteRunnerWorker.run(SuiteRunnerWorker.java:96)
at org.testng.TestNG.runSuitesSequentially(TestNG.java:1212)
at org.testng.TestNG.runSuitesLocally(TestNG.java:1134)
at org.testng.TestNG.runSuites(TestNG.java:1063)
at org.testng.TestNG.run(TestNG.java:1031)
at org.testng.remote.AbstractRemoteTestNG.run(AbstractRemoteTestNG.java:115)
at org.testng.remote.RemoteTestNG.initAndRun(RemoteTestNG.java:251)
at org.testng.remote.RemoteTestNG.main(RemoteTestNG.java:77)
]]>
            </full-stacktrace>
          </exception> <!-- java.lang.Error -->
          <reporter-output>
          </reporter-output>
        </test-method> <!-- createPolicy -->
      </class> <!-- test_scenarios.TestLoginDetails -->
    </test> <!-- Default test -->
  </suite> <!-- Default suite -->
</testng-results>
